<?xml version="1.0" encoding="UTF-8"?>
<!-- Generated by org.testng.reporters.JUnitReportReporter -->
<testsuite hostname="Voronoy" failures="0" tests="2" name="testNG.ParallelTesting" time="14.063" errors="0" timestamp="2023-09-08T23:40:07 IST" skipped="0">
  <testcase classname="testNG.ParallelTesting" name="openBing" time="5.579"/>
  <testcase classname="testNG.ParallelTesting" name="openGoogle" time="8.484"/>
</testsuite> <!-- testNG.ParallelTesting -->
