<?xml version="1.0" encoding="UTF-8"?>
<!-- Generated by org.testng.reporters.JUnitReportReporter -->
<testsuite hostname="Voronoy" failures="0" tests="3" name="testNG.DependenciesManagement" time="0.027" errors="0" timestamp="2023-09-08T00:14:38 IST" skipped="0">
  <testcase classname="testNG.DependenciesManagement" name="HighSecSchool" time="0.008"/>
  <testcase classname="testNG.DependenciesManagement" name="College" time="0.002"/>
  <testcase classname="testNG.DependenciesManagement" name="HighSchool" time="0.017"/>
</testsuite> <!-- testNG.DependenciesManagement -->
