<?xml version="1.0" encoding="UTF-8"?>
<!-- Generated by org.testng.reporters.JUnitReportReporter -->
<testsuite hostname="Voronoy" failures="0" tests="3" name="testNG.SuiteExample" time="19.699" errors="0" timestamp="2023-09-08T00:14:38 IST" skipped="0">
  <testcase classname="testNG.SuiteExample" name="openYahoo" time="16.175"/>
  <testcase classname="testNG.SuiteExample" name="openGoogle" time="2.191"/>
  <testcase classname="testNG.SuiteExample" name="openBing" time="1.333"/>
</testsuite> <!-- testNG.SuiteExample -->
