<?xml version="1.0" encoding="UTF-8"?>
<!-- Generated by org.testng.reporters.JUnitReportReporter -->
<testsuite hostname="Voronoy" failures="0" tests="1" name="testNG.AnnotationsHierarchyExample" time="0.017" errors="0" timestamp="2023-09-09T00:08:33 IST" skipped="0">
  <testcase classname="testNG.AnnotationsHierarchyExample" name="f" time="0.017"/>
</testsuite> <!-- testNG.AnnotationsHierarchyExample -->
