<?xml version="1.0" encoding="UTF-8"?>
<!-- Generated by org.testng.reporters.JUnitReportReporter -->
<testsuite hostname="Voronoy" failures="0" tests="3" name="testNG.SampleTestCase" time="0.038" errors="0" timestamp="2023-09-08T00:14:38 IST" skipped="0">
  <testcase classname="testNG.SampleTestCase" name="firstTestcase" time="0.019"/>
  <testcase classname="testNG.SampleTestCase" name="thirdTestcase" time="0.006"/>
  <testcase classname="testNG.SampleTestCase" name="secondTestcase" time="0.013"/>
</testsuite> <!-- testNG.SampleTestCase -->
