<?xml version="1.0" encoding="UTF-8"?>
<!-- Generated by org.testng.reporters.JUnitReportReporter -->
<testsuite hostname="Voronoy" failures="0" tests="1" name="testNG.ParmeterizationExample" time="0.021" errors="0" timestamp="2023-09-08T23:23:18 IST" skipped="0">
  <testcase classname="testNG.ParmeterizationExample" name="PrintName" time="0.021"/>
</testsuite> <!-- testNG.ParmeterizationExample -->
