<?xml version="1.0" encoding="UTF-8"?>
<!-- Generated by org.testng.reporters.JUnitReportReporter -->
<testsuite hostname="Voronoy" failures="0" tests="4" name="testNG.GroupingExample" time="0.039" errors="0" timestamp="2023-09-08T23:01:44 IST" skipped="0">
  <testcase classname="testNG.GroupingExample" name="apple1" time="0.006"/>
  <testcase classname="testNG.GroupingExample" name="apple2" time="0.003"/>
  <testcase classname="testNG.GroupingExample" name="Vivo2" time="0.002"/>
  <testcase classname="testNG.GroupingExample" name="Vivo1" time="0.028"/>
</testsuite> <!-- testNG.GroupingExample -->
