<?xml version="1.0" encoding="UTF-8"?>
<!-- Generated by org.testng.reporters.JUnitReportReporter -->
<testsuite hostname="Voronoy" failures="0" tests="6" name="testNG.DriveaCar" time="0.048" errors="0" timestamp="2023-09-08T00:14:38 IST" skipped="1">
  <testcase classname="testNG.DriveaCar" name="StartTheCar" time="0.008"/>
  <testcase classname="testNG.DriveaCar" name="putFirstGear" time="0.003"/>
  <testcase classname="testNG.DriveaCar" name="putSecondGear" time="0.025"/>
  <testcase classname="testNG.DriveaCar" name="putThirdGear" time="0.004"/>
  <testcase classname="testNG.DriveaCar" name="putFourthGear" time="0.008"/>
  <testcase classname="testNG.DriveaCar" name="turnMusic">
    <skipped/>
  </testcase> <!-- turnMusic -->
</testsuite> <!-- testNG.DriveaCar -->
